-------------------------------------------------------------------------------
Test set: TestSuite
-------------------------------------------------------------------------------
Tests run: 11, Failures: 1, Errors: 0, Skipped: 10, Time elapsed: 0.42 s <<< FAILURE! - in TestSuite
beforeClass(com.company.TestNGblock)  Time elapsed: 0.258 s  <<< FAILURE!
java.lang.NoClassDefFoundError: org/junit/rules/ExpectedException
	at com.company.TestNGblock.beforeClass(TestNGblock.java:24)
Caused by: java.lang.ClassNotFoundException: org.junit.rules.ExpectedException
	at com.company.TestNGblock.beforeClass(TestNGblock.java:24)

