<?xml version="1.0" encoding="UTF-8"?>
<!-- Generated by org.testng.reporters.JUnitReportReporter -->
<testsuite skipped="10" hostname="ASD-smirnova" name="com.company.TestNGblock" tests="11" failures="0" timestamp="11 апр 2018 12:00:25 GMT" time="0.024" errors="1">
  <testcase name="assEq3" time="0.000" classname="com.company.TestNGblock">
    <skipped/>
  </testcase> <!-- assEq3 -->
  <testcase name="assEq3" time="0.000" classname="com.company.TestNGblock">
    <skipped/>
  </testcase> <!-- assEq3 -->
  <testcase name="assEq3" time="0.000" classname="com.company.TestNGblock">
    <skipped/>
  </testcase> <!-- assEq3 -->
  <testcase name="assEq2" time="0.000" classname="com.company.TestNGblock">
    <skipped/>
  </testcase> <!-- assEq2 -->
  <testcase name="beforeClass" time="0.024" classname="com.company.TestNGblock">
    <error type="java.lang.NoClassDefFoundError" message="org/junit/rules/ExpectedException">
      <![CDATA[java.lang.NoClassDefFoundError: org/junit/rules/ExpectedException
at com.company.PodarokTest.<init>(PodarokTest.java:62)
at com.company.TestNGblock.beforeClass(TestNGblock.java:24)
at sun.reflect.NativeMethodAccessorImpl.invoke0(Native Method)
at sun.reflect.NativeMethodAccessorImpl.invoke(NativeMethodAccessorImpl.java:62)
at sun.reflect.DelegatingMethodAccessorImpl.invoke(DelegatingMethodAccessorImpl.java:43)
at java.lang.reflect.Method.invoke(Method.java:498)
at org.testng.internal.MethodInvocationHelper.invokeMethod(MethodInvocationHelper.java:124)
at org.testng.internal.MethodInvocationHelper.invokeMethodConsideringTimeout(MethodInvocationHelper.java:59)
at org.testng.internal.Invoker.invokeConfigurationMethod(Invoker.java:455)
at org.testng.internal.Invoker.invokeConfigurations(Invoker.java:222)
at org.testng.internal.Invoker.invokeConfigurations(Invoker.java:142)
at org.testng.internal.TestMethodWorker.invokeBeforeClassMethods(TestMethodWorker.java:168)
at org.testng.internal.TestMethodWorker.run(TestMethodWorker.java:105)
at org.testng.TestRunner.privateRun(TestRunner.java:648)
at org.testng.TestRunner.run(TestRunner.java:505)
at org.testng.SuiteRunner.runTest(SuiteRunner.java:455)
at org.testng.SuiteRunner.runSequentially(SuiteRunner.java:450)
at org.testng.SuiteRunner.privateRun(SuiteRunner.java:415)
at org.testng.SuiteRunner.run(SuiteRunner.java:364)
at org.testng.SuiteRunnerWorker.runSuite(SuiteRunnerWorker.java:52)
at org.testng.SuiteRunnerWorker.run(SuiteRunnerWorker.java:84)
at org.testng.TestNG.runSuitesSequentially(TestNG.java:1208)
at org.testng.TestNG.runSuitesLocally(TestNG.java:1137)
at org.testng.TestNG.runSuites(TestNG.java:1049)
at org.testng.TestNG.run(TestNG.java:1017)
at org.apache.maven.surefire.testng.TestNGExecutor.run(TestNGExecutor.java:135)
at org.apache.maven.surefire.testng.TestNGDirectoryTestSuite.executeMulti(TestNGDirectoryTestSuite.java:193)
at org.apache.maven.surefire.testng.TestNGDirectoryTestSuite.execute(TestNGDirectoryTestSuite.java:94)
at org.apache.maven.surefire.testng.TestNGProvider.invoke(TestNGProvider.java:146)
at org.apache.maven.surefire.booter.ForkedBooter.invokeProviderInSameClassLoader(ForkedBooter.java:379)
at org.apache.maven.surefire.booter.ForkedBooter.runSuitesInProcess(ForkedBooter.java:340)
at org.apache.maven.surefire.booter.ForkedBooter.execute(ForkedBooter.java:125)
at org.apache.maven.surefire.booter.ForkedBooter.main(ForkedBooter.java:413)
Caused by: java.lang.ClassNotFoundException: org.junit.rules.ExpectedException
at java.net.URLClassLoader.findClass(URLClassLoader.java:381)
at java.lang.ClassLoader.loadClass(ClassLoader.java:424)
at sun.misc.Launcher$AppClassLoader.loadClass(Launcher.java:338)
at java.lang.ClassLoader.loadClass(ClassLoader.java:357)
... 33 more
]]>
    </error>
  </testcase> <!-- beforeClass -->
  <testcase name="assEq" time="0.000" classname="com.company.TestNGblock">
    <skipped/>
  </testcase> <!-- assEq -->
  <testcase name="assEq5" time="0.000" classname="com.company.TestNGblock">
    <skipped/>
  </testcase> <!-- assEq5 -->
  <testcase name="dependOnMethod1" time="0.000" classname="com.company.TestNGblock">
    <skipped/>
  </testcase> <!-- dependOnMethod1 -->
  <testcase name="dependsOnGroup1" time="0.000" classname="com.company.TestNGblock">
    <skipped/>
  </testcase> <!-- dependsOnGroup1 -->
  <testcase name="methodNG1" time="0.000" classname="com.company.TestNGblock">
    <skipped/>
  </testcase> <!-- methodNG1 -->
  <testcase name="errorMethod" time="0.000" classname="com.company.TestNGblock">
    <skipped/>
  </testcase> <!-- errorMethod -->
</testsuite> <!-- com.company.TestNGblock -->
